\BOOKMARK [1][-]{section.1}{\376\377\000S\000e\000t\000s\000,\000\040\000S\000e\000q\000u\000e\000n\000c\000e\000,\000\040\000S\000e\000r\000i\000e\000s}{}% 1
\BOOKMARK [2][-]{subsection.1.1}{\376\377\000c\000o\000u\000n\000t\000a\000b\000i\000l\000i\000t\000y}{section.1}% 2
\BOOKMARK [2][-]{subsection.1.2}{\376\377\000s\000u\000p\000,\000\040\000i\000n\000f\000,\000\040\000r\000e\000a\000l\000\040\000n\000u\000m\000b\000e\000r\000s}{section.1}% 3
\BOOKMARK [2][-]{subsection.1.3}{\376\377\000L\000i\000m\000i\000t\000s}{section.1}% 4
\BOOKMARK [2][-]{subsection.1.4}{\376\377\000s\000e\000r\000i\000e\000s\000\040\000c\000o\000n\000v\000e\000r\000g\000e\000n\000c\000e}{section.1}% 5
\BOOKMARK [1][-]{section.2}{\376\377\000-\000t\000y\000p\000e\000\040\000a\000r\000g\000u\000m\000e\000n\000t\000s}{}% 6
\BOOKMARK [1][-]{section.3}{\376\377\000F\000u\000n\000c\000t\000i\000o\000n\000\040\000c\000o\000n\000t\000i\000n\000u\000i\000t\000y\000\040\000a\000n\000d\000\040\000d\000i\000f\000f\000e\000r\000e\000n\000t\000i\000a\000b\000i\000l\000i\000t\000y}{}% 7
\BOOKMARK [2][-]{subsection.3.1}{\376\377\000F\000u\000n\000c\000t\000i\000o\000n\000\040\000l\000i\000m\000i\000t\000s}{section.3}% 8
\BOOKMARK [2][-]{subsection.3.2}{\376\377\000F\000u\000n\000c\000t\000i\000o\000n\000\040\000c\000o\000n\000t\000i\000n\000u\000i\000t\000y}{section.3}% 9
\BOOKMARK [1][-]{section.4}{\376\377\000T\000a\000y\000l\000o\000r\000\040\000A\000p\000p\000r\000o\000x\000i\000m\000a\000t\000i\000o\000n\000,\000\040\000L\000a\000g\000r\000a\000n\000g\000e\000\040\000R\000e\000m\000a\000i\000n\000d\000e\000r\000,\000\040\000T\000a\000y\000l\000o\000r\000\040\000S\000e\000r\000i\000e\000s}{}% 10
\BOOKMARK [2][-]{subsection.4.1}{\376\377\000T\000a\000y\000l\000o\000r\000'\000s\000\040\000T\000h\000e\000o\000r\000e\000m}{section.4}% 11
\BOOKMARK [2][-]{subsection.4.2}{\376\377\000T\000a\000y\000l\000o\000r\000\040\000P\000o\000l\000y\000n\000o\000m\000i\000a\000l}{section.4}% 12
\BOOKMARK [2][-]{subsection.4.3}{\376\377\000T\000e\000c\000h\000n\000i\000q\000u\000e\000s}{section.4}% 13
\BOOKMARK [1][-]{section.5}{\376\377\000I\000n\000t\000e\000g\000r\000a\000t\000i\000o\000n}{}% 14
\BOOKMARK [2][-]{subsection.5.1}{\376\377\000i\000n\000t\000e\000g\000r\000a\000l\000\040\000c\000r\000i\000t\000e\000r\000i\000o\000n}{section.5}% 15
\BOOKMARK [2][-]{subsection.5.2}{\376\377\000i\000n\000t\000e\000g\000r\000a\000l\000\040\000r\000u\000l\000e\000s}{section.5}% 16
\BOOKMARK [2][-]{subsection.5.3}{\376\377\000i\000n\000t\000e\000g\000r\000a\000l\000\040\000t\000e\000s\000t}{section.5}% 17
\BOOKMARK [1][-]{appendix.A}{\376\377\000A\000p\000p\000e\000n\000d\000i\000x}{}% 18
\BOOKMARK [2][-]{subsection.A.1}{\376\377\000L\000i\000m\000i\000t\000s\000\040\000t\000h\000a\000t\000\040\000c\000a\000n\000\040\000b\000e\000\040\000u\000s\000e\000d\000\040\000d\000i\000r\000e\000c\000t\000l\000y}{appendix.A}% 19
\BOOKMARK [2][-]{subsection.A.2}{\376\377\000T\000r\000i\000a\000n\000g\000u\000l\000a\000r\000\040\000E\000q\000u\000a\000t\000i\000o\000n\000s}{appendix.A}% 20
